<?xml version="1.0" encoding="UTF-8"?>
<!-- Generated by org.testng.reporters.JUnitXMLReporter -->
<testsuite ignored="0" hostname="CADLaps" failures="0" tests="4" name="Default test" time="32.266" errors="0" timestamp="2026-05-07T10:11:18 GST">
  <testcase classname="arjun.academy.StandAloneTest1" name="test1" time="4.709"/>
  <testcase classname="arjun.academy.StandAloneTest1" name="test1" time="4.635"/>
  <testcase classname="arjun.academy.StandAloneTest1" name="testusingMap" time="4.441"/>
  <testcase classname="arjun.academy.StandAloneTest1" name="testusingMap" time="4.351"/>
</testsuite> <!-- Default test -->
