<?xml version="1.0" encoding="UTF-8"?>
<testng-results ignored="0" total="2" passed="2" failed="0" skipped="0">
  <reporter-output>
  </reporter-output>
  <suite started-at="2026-05-11T10:55:23 GST" name="Suite" finished-at="2026-05-11T10:55:43 GST" duration-ms="19361">
    <groups>
    </groups>
    <test started-at="2026-05-11T10:55:23 GST" name="Test" finished-at="2026-05-11T10:55:43 GST" duration-ms="19361">
      <class name="arjun.academy.StandAloneTest1">
        <test-method is-config="true" signature="launchApplication()[pri:0, instance:arjun.academy.StandAloneTest1@72c8e7b]" started-at="2026-05-11T10:55:23 GST" name="launchApplication" finished-at="2026-05-11T10:55:30 GST" duration-ms="6794" status="PASS">
          <reporter-output>
          </reporter-output>
        </test-method> <!-- launchApplication -->
        <test-method signature="test1(java.lang.String,java.lang.String,java.lang.String)[pri:0, instance:arjun.academy.StandAloneTest1@72c8e7b]" started-at="2026-05-11T10:55:30 GST" name="test1" data-provider="getData1" finished-at="2026-05-11T10:55:35 GST" duration-ms="4897" status="PASS">
          <params>
            <param index="0">
              <value>
                <![CDATA[arjunacademy@gmail.com]]>
              </value>
            </param>
            <param index="1">
              <value>
                <![CDATA[ArjunAcademy$9]]>
              </value>
            </param>
            <param index="2">
              <value>
                <![CDATA[ZARA COAT 3]]>
              </value>
            </param>
          </params>
          <reporter-output>
          </reporter-output>
        </test-method> <!-- test1 -->
        <test-method is-config="true" signature="tearDown()[pri:0, instance:arjun.academy.StandAloneTest1@72c8e7b]" started-at="2026-05-11T10:55:35 GST" name="tearDown" finished-at="2026-05-11T10:55:35 GST" duration-ms="296" status="PASS">
          <reporter-output>
          </reporter-output>
        </test-method> <!-- tearDown -->
        <test-method is-config="true" signature="launchApplication()[pri:0, instance:arjun.academy.StandAloneTest1@72c8e7b]" started-at="2026-05-11T10:55:35 GST" name="launchApplication" finished-at="2026-05-11T10:55:38 GST" duration-ms="2472" status="PASS">
          <reporter-output>
          </reporter-output>
        </test-method> <!-- launchApplication -->
        <test-method signature="test1(java.lang.String,java.lang.String,java.lang.String)[pri:0, instance:arjun.academy.StandAloneTest1@72c8e7b]" started-at="2026-05-11T10:55:38 GST" name="test1" data-provider="getData1" finished-at="2026-05-11T10:55:42 GST" duration-ms="4498" status="PASS">
          <params>
            <param index="0">
              <value>
                <![CDATA[arjunacademy@gmail.com]]>
              </value>
            </param>
            <param index="1">
              <value>
                <![CDATA[ArjunAcademy$9]]>
              </value>
            </param>
            <param index="2">
              <value>
                <![CDATA[ADIDAS ORIGINAL]]>
              </value>
            </param>
          </params>
          <reporter-output>
          </reporter-output>
        </test-method> <!-- test1 -->
        <test-method is-config="true" signature="tearDown()[pri:0, instance:arjun.academy.StandAloneTest1@72c8e7b]" started-at="2026-05-11T10:55:42 GST" name="tearDown" finished-at="2026-05-11T10:55:43 GST" duration-ms="294" status="PASS">
          <reporter-output>
          </reporter-output>
        </test-method> <!-- tearDown -->
      </class> <!-- arjun.academy.StandAloneTest1 -->
    </test> <!-- Test -->
  </suite> <!-- Suite -->
</testng-results>
