<?xml version="1.0" encoding="UTF-8"?>
<testng-results ignored="0" total="4" passed="4" failed="0" skipped="0">
  <reporter-output>
  </reporter-output>
  <suite started-at="2026-05-07T10:10:46 GST" name="Default suite" finished-at="2026-05-07T10:11:18 GST" duration-ms="32266">
    <groups>
    </groups>
    <test started-at="2026-05-07T10:10:46 GST" name="Default test" finished-at="2026-05-07T10:11:18 GST" duration-ms="32266">
      <class name="arjun.academy.StandAloneTest1">
        <test-method is-config="true" signature="launchApplication()[pri:0, instance:arjun.academy.StandAloneTest1@22ff4249]" started-at="2026-05-07T10:10:46 GST" name="launchApplication" finished-at="2026-05-07T10:10:51 GST" duration-ms="4685" status="PASS">
          <reporter-output>
          </reporter-output>
        </test-method> <!-- launchApplication -->
        <test-method signature="test1(java.lang.String,java.lang.String,java.lang.String)[pri:0, instance:arjun.academy.StandAloneTest1@22ff4249]" started-at="2026-05-07T10:10:51 GST" name="test1" data-provider="getData1" finished-at="2026-05-07T10:10:56 GST" duration-ms="4709" status="PASS">
          <params>
            <param index="0">
              <value>
                <![CDATA[arjunacademy@gmail.com]]>
              </value>
            </param>
            <param index="1">
              <value>
                <![CDATA[ArjunAcademy$9]]>
              </value>
            </param>
            <param index="2">
              <value>
                <![CDATA[ZARA COAT 3]]>
              </value>
            </param>
          </params>
          <reporter-output>
          </reporter-output>
        </test-method> <!-- test1 -->
        <test-method is-config="true" signature="tearDown()[pri:0, instance:arjun.academy.StandAloneTest1@22ff4249]" started-at="2026-05-07T10:10:56 GST" name="tearDown" finished-at="2026-05-07T10:10:56 GST" duration-ms="175" status="PASS">
          <reporter-output>
          </reporter-output>
        </test-method> <!-- tearDown -->
        <test-method is-config="true" signature="launchApplication()[pri:0, instance:arjun.academy.StandAloneTest1@22ff4249]" started-at="2026-05-07T10:10:56 GST" name="launchApplication" finished-at="2026-05-07T10:10:59 GST" duration-ms="3559" status="PASS">
          <reporter-output>
          </reporter-output>
        </test-method> <!-- launchApplication -->
        <test-method signature="test1(java.lang.String,java.lang.String,java.lang.String)[pri:0, instance:arjun.academy.StandAloneTest1@22ff4249]" started-at="2026-05-07T10:10:59 GST" name="test1" data-provider="getData1" finished-at="2026-05-07T10:11:04 GST" duration-ms="4635" status="PASS">
          <params>
            <param index="0">
              <value>
                <![CDATA[arjunacademy@gmail.com]]>
              </value>
            </param>
            <param index="1">
              <value>
                <![CDATA[ArjunAcademy$9]]>
              </value>
            </param>
            <param index="2">
              <value>
                <![CDATA[ADIDAS ORIGINAL]]>
              </value>
            </param>
          </params>
          <reporter-output>
          </reporter-output>
        </test-method> <!-- test1 -->
        <test-method is-config="true" signature="tearDown()[pri:0, instance:arjun.academy.StandAloneTest1@22ff4249]" started-at="2026-05-07T10:11:04 GST" name="tearDown" finished-at="2026-05-07T10:11:04 GST" duration-ms="186" status="PASS">
          <reporter-output>
          </reporter-output>
        </test-method> <!-- tearDown -->
        <test-method is-config="true" signature="launchApplication()[pri:0, instance:arjun.academy.StandAloneTest1@22ff4249]" started-at="2026-05-07T10:11:04 GST" name="launchApplication" finished-at="2026-05-07T10:11:07 GST" duration-ms="2420" status="PASS">
          <reporter-output>
          </reporter-output>
        </test-method> <!-- launchApplication -->
        <test-method signature="testusingMap(java.util.HashMap)[pri:0, instance:arjun.academy.StandAloneTest1@22ff4249]" started-at="2026-05-07T10:11:07 GST" name="testusingMap" data-provider="getDataUsingJson" finished-at="2026-05-07T10:11:11 GST" duration-ms="4441" status="PASS">
          <params>
            <param index="0">
              <value>
                <![CDATA[{Product=ZARA COAT 3, pwd=ArjunAcademy$9, email=arjunacademy@gmail.com}]]>
              </value>
            </param>
          </params>
          <reporter-output>
          </reporter-output>
        </test-method> <!-- testusingMap -->
        <test-method is-config="true" signature="tearDown()[pri:0, instance:arjun.academy.StandAloneTest1@22ff4249]" started-at="2026-05-07T10:11:11 GST" name="tearDown" finished-at="2026-05-07T10:11:11 GST" duration-ms="188" status="PASS">
          <reporter-output>
          </reporter-output>
        </test-method> <!-- tearDown -->
        <test-method is-config="true" signature="launchApplication()[pri:0, instance:arjun.academy.StandAloneTest1@22ff4249]" started-at="2026-05-07T10:11:11 GST" name="launchApplication" finished-at="2026-05-07T10:11:14 GST" duration-ms="2431" status="PASS">
          <reporter-output>
          </reporter-output>
        </test-method> <!-- launchApplication -->
        <test-method signature="testusingMap(java.util.HashMap)[pri:0, instance:arjun.academy.StandAloneTest1@22ff4249]" started-at="2026-05-07T10:11:14 GST" name="testusingMap" data-provider="getDataUsingJson" finished-at="2026-05-07T10:11:18 GST" duration-ms="4351" status="PASS">
          <params>
            <param index="0">
              <value>
                <![CDATA[{Product=ADIDAS ORIGINAL, pwd=ArjunAcademy$9, email=arjunacademy@gmail.com}]]>
              </value>
            </param>
          </params>
          <reporter-output>
          </reporter-output>
        </test-method> <!-- testusingMap -->
        <test-method is-config="true" signature="tearDown()[pri:0, instance:arjun.academy.StandAloneTest1@22ff4249]" started-at="2026-05-07T10:11:18 GST" name="tearDown" finished-at="2026-05-07T10:11:18 GST" duration-ms="218" status="PASS">
          <reporter-output>
          </reporter-output>
        </test-method> <!-- tearDown -->
      </class> <!-- arjun.academy.StandAloneTest1 -->
    </test> <!-- Default test -->
  </suite> <!-- Default suite -->
</testng-results>
