<?xml version="1.0" encoding="UTF-8"?>
<!-- Generated by org.testng.reporters.JUnitReportReporter -->
<testsuite hostname="CADLaps" failures="0" tests="4" name="arjun.academy.StandAloneTest1" time="31.998" errors="0" timestamp="2026-05-07T10:11:19 GST" skipped="0">
  <testcase classname="arjun.academy.StandAloneTest1" name="testusingMap" time="6.946"/>
  <testcase classname="arjun.academy.StandAloneTest1" name="test1" time="7.326"/>
  <testcase classname="arjun.academy.StandAloneTest1" name="testusingMap" time="9.344"/>
  <testcase classname="arjun.academy.StandAloneTest1" name="test1" time="8.382"/>
</testsuite> <!-- arjun.academy.StandAloneTest1 -->
